{
  "RSpec": {
    "coverage": {
      "/Users/rashmigodawat/librarymain/config/environment.rb": [
        null,
        1,
        null,
        null,
        1
      ],
      "/Users/rashmigodawat/librarymain/config/application.rb": [
        1,
        null,
        1,
        null,
        null,
        null,
        1,
        null,
        1,
        1,
        null,
        null,
        null,
        null,
        null,
        null,
        null,
        null,
        null,
        null,
        null,
        null,
        null,
        1,
        null,
        null
      ],
      "/Users/rashmigodawat/librarymain/config/boot.rb": [
        1,
        null,
        1
      ],
      "/Users/rashmigodawat/librarymain/config/environments/test.rb": [
        1,
        null,
        null,
        null,
        null,
        null,
        null,
        1,
        null,
        null,
        null,
        null,
        1,
        null,
        null,
        1,
        1,
        null,
        null,
        1,
        1,
        null,
        null,
        1,
        null,
        null,
        1,
        null,
        null,
        null,
        null,
        1,
        null,
        null,
        1,
        null,
        null,
        1,
        null,
        null,
        null,
        null
      ],
      "/Users/rashmigodawat/librarymain/config/initializers/assets.rb": [
        null,
        null,
        null,
        1,
        null,
        null,
        null,
        null,
        null,
        null,
        null
      ],
      "/Users/rashmigodawat/librarymain/config/initializers/backtrace_silencers.rb": [
        null,
        null,
        null,
        null,
        null,
        null,
        null
      ],
      "/Users/rashmigodawat/librarymain/config/initializers/cookies_serializer.rb": [
        null,
        null,
        1
      ],
      "/Users/rashmigodawat/librarymain/config/initializers/filter_parameter_logging.rb": [
        null,
        null,
        null,
        1
      ],
      "/Users/rashmigodawat/librarymain/config/initializers/inflections.rb": [
        null,
        null,
        null,
        null,
        null,
        null,
        null,
        null,
        null,
        null,
        null,
        null,
        null,
        null,
        null,
        null
      ],
      "/Users/rashmigodawat/librarymain/config/initializers/mime_types.rb": [
        null,
        null,
        null,
        null
      ],
      "/Users/rashmigodawat/librarymain/config/initializers/session_store.rb": [
        null,
        null,
        1
      ],
      "/Users/rashmigodawat/librarymain/config/initializers/to_time_preserves_timezone.rb": [
        null,
        null,
        null,
        null,
        null,
        null,
        null,
        null,
        null,
        1
      ],
      "/Users/rashmigodawat/librarymain/config/initializers/wrap_parameters.rb": [
        null,
        null,
        null,
        null,
        null,
        null,
        1,
        1,
        null,
        null,
        null,
        null,
        null,
        null
      ],
      "/Users/rashmigodawat/librarymain/spec/factories/books.rb": [
        1,
        1,
        1,
        1,
        1,
        1,
        1,
        1,
        1,
        1,
        null,
        null
      ],
      "/Users/rashmigodawat/librarymain/spec/factories/categories.rb": [
        1,
        1,
        1,
        null,
        null
      ],
      "/Users/rashmigodawat/librarymain/spec/factories/issued_histories.rb": [
        1,
        1,
        1,
        1,
        1,
        1,
        1,
        1,
        null,
        null
      ],
      "/Users/rashmigodawat/librarymain/spec/factories/libraries.rb": [
        1,
        1,
        1,
        1,
        1,
        null,
        null
      ],
      "/Users/rashmigodawat/librarymain/spec/factories/members.rb": [
        1,
        1,
        1,
        1,
        1,
        1,
        1,
        1,
        null,
        null
      ],
      "/Users/rashmigodawat/librarymain/config/routes.rb": [
        1,
        null,
        null,
        null,
        null,
        null,
        null,
        null,
        null,
        null,
        null,
        null,
        null,
        null,
        null,
        null,
        null,
        null,
        null,
        null,
        null,
        null,
        null,
        null,
        null,
        null,
        null,
        null,
        null,
        null,
        null,
        null,
        null,
        null,
        null,
        null,
        null,
        null,
        null,
        null,
        null,
        null,
        null,
        null,
        null,
        null,
        null,
        null,
        null,
        null,
        null,
        null,
        null,
        null,
        null,
        null
      ],
      "/Users/rashmigodawat/librarymain/app/helpers/application_helper.rb": [
        1,
        null
      ],
      "/Users/rashmigodawat/librarymain/app/models/book.rb": [
        1,
        1,
        1,
        1,
        1,
        1,
        1,
        1,
        1,
        null
      ],
      "/Users/rashmigodawat/librarymain/spec/models/category_spec.rb": [
        1,
        null,
        1,
        1,
        1,
        1,
        null,
        null,
        null,
        1,
        1,
        1,
        null,
        1,
        1,
        null,
        null,
        null
      ],
      "/Users/rashmigodawat/librarymain/app/models/category.rb": [
        1,
        1,
        1,
        null
      ],
      "/Users/rashmigodawat/librarymain/spec/models/issued_history_spec.rb": [
        1,
        null,
        1,
        1,
        1,
        1,
        null,
        null,
        null,
        1,
        1,
        1,
        null,
        1,
        1,
        null,
        1,
        1,
        null,
        1,
        1,
        null,
        1,
        1,
        null,
        1,
        1,
        null,
        1,
        1,
        null,
        1,
        1,
        null,
        1,
        1,
        null,
        null,
        null,
        1,
        1,
        1,
        1,
        1,
        null,
        1,
        1,
        1,
        1,
        null,
        null,
        null
      ],
      "/Users/rashmigodawat/librarymain/app/models/issued_history.rb": [
        1,
        1,
        1,
        1,
        1,
        1,
        null
      ],
      "/Users/rashmigodawat/librarymain/spec/models/library_spec.rb": [
        1,
        null,
        1,
        1,
        1,
        1,
        null,
        null,
        null,
        1,
        1,
        1,
        null,
        1,
        1,
        null,
        1,
        1,
        null,
        1,
        1,
        null,
        1,
        1,
        null,
        1,
        1,
        null,
        1,
        1,
        null,
        1,
        1,
        null,
        1,
        1,
        null,
        1,
        1,
        null,
        null,
        null
      ],
      "/Users/rashmigodawat/librarymain/app/models/library.rb": [
        1,
        1,
        1,
        1,
        1,
        1,
        null
      ],
      "/Users/rashmigodawat/librarymain/spec/models/member_spec.rb": [
        1,
        null,
        1,
        1,
        1,
        1,
        null,
        null,
        null,
        1,
        1,
        1,
        null,
        1,
        1,
        null,
        1,
        1,
        null,
        1,
        1,
        null,
        1,
        1,
        null,
        1,
        1,
        null,
        1,
        1,
        null,
        1,
        1,
        null,
        1,
        1,
        null,
        1,
        1,
        null,
        1,
        1,
        null,
        1,
        1,
        null,
        1,
        1,
        null,
        1,
        1,
        null,
        1,
        1,
        null,
        null,
        null,
        1,
        1,
        1,
        1,
        1,
        null,
        null,
        null
      ],
      "/Users/rashmigodawat/librarymain/app/models/member.rb": [
        1,
        1,
        1,
        1,
        1,
        1,
        1,
        null
      ]
    },
    "timestamp": 1516260556
  }
}
